TN:
SF:script/DeployMySelfTokenERC20.s.sol
DA:11,0
FN:11,DeployMySelfTokenERC20.run
FNDA:0,DeployMySelfTokenERC20.run
DA:12,0
DA:15,0
FN:15,DeployMySelfTokenERC20.deployMySelfTokenERC20
FNDA:0,DeployMySelfTokenERC20.deployMySelfTokenERC20
DA:16,0
DA:17,0
DA:18,0
DA:19,0
FNF:2
FNH:0
LF:7
LH:0
BRF:0
BRH:0
end_of_record
TN:
SF:src/MySelfTokenERC20.sol
DA:60,12
FN:60,MySelfTokenERC20.constructor
FNDA:12,MySelfTokenERC20.constructor
DA:61,12
DA:62,12
DA:63,12
DA:74,9
FN:74,MySelfTokenERC20.transfer
FNDA:9,MySelfTokenERC20.transfer
DA:75,9
BRDA:75,0,0,1
DA:76,1
DA:78,8
BRDA:78,1,0,1
DA:79,1
DA:81,7
DA:82,7
DA:84,7
DA:86,7
DA:100,6
FN:100,MySelfTokenERC20.approve
FNDA:6,MySelfTokenERC20.approve
DA:101,6
BRDA:101,2,0,1
DA:102,1
DA:104,5
DA:105,5
DA:106,5
DA:124,4
FN:124,MySelfTokenERC20.transferFrom
FNDA:4,MySelfTokenERC20.transferFrom
DA:129,4
BRDA:129,3,0,1
DA:130,1
DA:132,3
BRDA:132,4,0,-
DA:133,0
DA:135,3
BRDA:135,5,0,2
DA:136,2
DA:139,1
DA:140,1
DA:141,1
DA:143,1
DA:145,1
DA:158,3
FN:158,MySelfTokenERC20.allowance
FNDA:3,MySelfTokenERC20.allowance
DA:162,3
DA:169,1
FN:169,MySelfTokenERC20.totalSupply
FNDA:1,MySelfTokenERC20.totalSupply
DA:170,1
DA:178,11
FN:178,MySelfTokenERC20.balanceOf
FNDA:11,MySelfTokenERC20.balanceOf
DA:179,11
BRDA:179,6,0,1
DA:180,1
DA:182,10
FNF:7
FNH:7
LF:39
LH:38
BRF:7
BRH:6
end_of_record
